<?xml version="1.0" encoding="UTF-8"?>
<!-- Generated by org.testng.reporters.JUnitReportReporter -->
<testsuite hostname="deepesh-HP" failures="0" tests="1" name="com.goibibo.testScripts.TC03" time="91.027" errors="0" timestamp="2020-09-22T15:18:26 IST" skipped="0">
  <testcase classname="com.goibibo.testScripts.TC03" name="searchReturnsNoResult" time="91.027"/>
  <system-out/>
</testsuite> <!-- com.goibibo.testScripts.TC03 -->
