<?xml version="1.0" encoding="UTF-8"?>
<!-- Generated by org.testng.reporters.JUnitReportReporter -->
<testsuite hostname="deepesh-HP" failures="0" tests="1" name="com.goibibo.testScripts.TC04" time="111.564" errors="0" timestamp="2020-09-22T15:18:26 IST" skipped="0">
  <testcase classname="com.goibibo.testScripts.TC04" name="roundgoibibo" time="111.564"/>
  <system-out/>
</testsuite> <!-- com.goibibo.testScripts.TC04 -->
