<?xml version="1.0" encoding="UTF-8"?>
<!-- Generated by org.testng.reporters.JUnitReportReporter -->
<testsuite hostname="deepesh-HP" failures="0" tests="1" name="com.goibibo.testScripts.TC001" time="33.496" errors="0" timestamp="2020-09-03T20:59:57 IST" skipped="0">
  <testcase classname="com.goibibo.testScripts.TC001" name="f" time="33.496"/>
  <system-out/>
</testsuite> <!-- com.goibibo.testScripts.TC001 -->
