<?xml version="1.0" encoding="UTF-8"?>
<!-- Generated by org.testng.reporters.JUnitReportReporter -->
<testsuite hostname="deepesh-HP" failures="0" tests="1" name="com.goibibo.testScripts.TC02" time="99.327" errors="0" timestamp="2020-09-22T15:18:26 IST" skipped="0">
  <testcase classname="com.goibibo.testScripts.TC02" name="userIsAbleToInteractWithElements" time="99.327"/>
  <system-out/>
</testsuite> <!-- com.goibibo.testScripts.TC02 -->
