<?xml version="1.0" encoding="UTF-8"?>
<!-- Generated by org.testng.reporters.JUnitReportReporter -->
<testsuite hostname="deepesh-HP" failures="0" tests="1" name="com.goibibo.testScripts.ScrollAmazonExample" time="31.171" errors="0" timestamp="2020-09-10T18:42:55 IST" skipped="0">
  <testcase classname="com.goibibo.testScripts.ScrollAmazonExample" name="f" time="31.171"/>
  <system-out/>
</testsuite> <!-- com.goibibo.testScripts.ScrollAmazonExample -->
